2025-09-26 00:13:12 WARN  com.zaxxer.hikari.pool.HikariPool - HikariPool-1 - Thread starvation or clock leap detected (housekeeper delta=5m52s872ms).
2025-09-26 00:32:26 INFO  o.s.b.w.e.tomcat.GracefulShutdown - Commencing graceful shutdown. Waiting for active requests to complete
2025-09-26 00:32:26 INFO  o.s.b.w.e.tomcat.GracefulShutdown - Graceful shutdown complete
2025-09-26 00:32:26 INFO  o.s.o.j.LocalContainerEntityManagerFactoryBean - Closing JPA EntityManagerFactory for persistence unit 'default'
2025-09-26 00:32:26 INFO  com.zaxxer.hikari.HikariDataSource - HikariPool-1 - Shutdown initiated...
2025-09-26 00:32:29 INFO  com.zaxxer.hikari.HikariDataSource - HikariPool-1 - Shutdown completed.
2025-09-26 00:32:35 INFO  k.a.library.LibraryApplication - Starting LibraryApplication using Java 17.0.12 with PID 9698 (/Users/magnus/Desktop/Attractor/Library/target/classes started by magnus in /Users/magnus/Desktop/Attractor/Library)
2025-09-26 00:32:35 INFO  k.a.library.LibraryApplication - No active profile set, falling back to 1 default profile: "default"
2025-09-26 00:32:36 INFO  o.s.d.r.c.RepositoryConfigurationDelegate - Bootstrapping Spring Data JPA repositories in DEFAULT mode.
2025-09-26 00:32:36 INFO  o.s.d.r.c.RepositoryConfigurationDelegate - Finished Spring Data repository scanning in 68 ms. Found 6 JPA repository interfaces.
2025-09-26 00:32:37 INFO  o.s.b.w.e.tomcat.TomcatWebServer - Tomcat initialized with port 8080 (http)
2025-09-26 00:32:37 INFO  o.a.catalina.core.StandardService - Starting service [Tomcat]
2025-09-26 00:32:37 INFO  o.a.catalina.core.StandardEngine - Starting Servlet engine: [Apache Tomcat/10.1.46]
2025-09-26 00:32:37 INFO  o.a.c.c.C.[Tomcat].[localhost].[/] - Initializing Spring embedded WebApplicationContext
2025-09-26 00:32:37 INFO  o.s.b.w.s.c.ServletWebServerApplicationContext - Root WebApplicationContext: initialization completed in 1810 ms
2025-09-26 00:32:37 INFO  com.zaxxer.hikari.HikariDataSource - HikariPool-1 - Starting...
2025-09-26 00:32:37 INFO  com.zaxxer.hikari.pool.HikariPool - HikariPool-1 - Added connection conn1: url=jdbc:h2:./db/Library user=ROOT
2025-09-26 00:32:37 INFO  com.zaxxer.hikari.HikariDataSource - HikariPool-1 - Start completed.
2025-09-26 00:32:37 INFO  liquibase.database - Set default schema name to PUBLIC
2025-09-26 00:32:38 INFO  liquibase.changelog - Reading resource: db/changelog/migrations/001_create_tables.yaml
2025-09-26 00:32:38 INFO  liquibase.changelog - Reading resource: db/changelog/migrations/002_insert_tables.yaml
2025-09-26 00:32:38 INFO  liquibase.changelog - Reading from PUBLIC.DATABASECHANGELOG
2025-09-26 00:32:38 INFO  liquibase.ui - Database is up to date, no changesets to execute
2025-09-26 00:32:38 INFO  liquibase.changelog - Reading from PUBLIC.DATABASECHANGELOG
2025-09-26 00:32:38 INFO  liquibase.util - UPDATE SUMMARY
2025-09-26 00:32:38 INFO  liquibase.util - Run:                          0
2025-09-26 00:32:38 INFO  liquibase.util - Previously run:               2
2025-09-26 00:32:38 INFO  liquibase.util - Filtered out:                 0
2025-09-26 00:32:38 INFO  liquibase.util - -------------------------------
2025-09-26 00:32:38 INFO  liquibase.util - Total change sets:            2
2025-09-26 00:32:38 INFO  liquibase.util - Update summary generated
2025-09-26 00:32:38 INFO  liquibase.command - Command execution complete
2025-09-26 00:32:38 INFO  o.h.jpa.internal.util.LogHelper - HHH000204: Processing PersistenceUnitInfo [name: default]
2025-09-26 00:32:38 INFO  org.hibernate.Version - HHH000412: Hibernate ORM core version 6.6.29.Final
2025-09-26 00:32:38 INFO  o.h.c.i.RegionFactoryInitiator - HHH000026: Second-level cache disabled
2025-09-26 00:32:39 INFO  o.s.o.j.p.SpringPersistenceUnitInfo - No LoadTimeWeaver setup: ignoring JPA class transformer
2025-09-26 00:32:39 INFO  o.hibernate.orm.connections.pooling - HHH10001005: Database info:
	Database JDBC URL [Connecting through datasource 'HikariDataSource (HikariPool-1)']
	Database driver: undefined/unknown
	Database version: 2.3.232
	Autocommit mode: undefined/unknown
	Isolation level: undefined/unknown
	Minimum pool size: undefined/unknown
	Maximum pool size: undefined/unknown
2025-09-26 00:32:40 INFO  o.h.e.t.j.p.i.JtaPlatformInitiator - HHH000489: No JTA platform available (set 'hibernate.transaction.jta.platform' to enable JTA platform integration)
2025-09-26 00:32:40 INFO  o.s.o.j.LocalContainerEntityManagerFactoryBean - Initialized JPA EntityManagerFactory for persistence unit 'default'
2025-09-26 00:32:41 WARN  o.s.b.a.o.j.JpaBaseConfiguration$JpaWebConfiguration - spring.jpa.open-in-view is enabled by default. Therefore, database queries may be performed during view rendering. Explicitly configure spring.jpa.open-in-view to disable this warning
2025-09-26 00:32:41 WARN  o.s.b.a.s.s.UserDetailsServiceAutoConfiguration - 

Using generated security password: d5f6c2ab-0732-417a-bfce-dfb7079f92dd

This generated password is for development use only. Your security configuration must be updated before running your application in production.

2025-09-26 00:32:41 INFO  o.s.b.a.w.s.WelcomePageHandlerMapping - Adding welcome page template: index
2025-09-26 00:32:42 INFO  o.s.b.w.e.tomcat.TomcatWebServer - Tomcat started on port 8080 (http) with context path '/'
2025-09-26 00:32:42 INFO  k.a.library.LibraryApplication - Started LibraryApplication in 8.339 seconds (process running for 9.877)
2025-09-26 00:33:09 INFO  o.a.c.c.C.[Tomcat].[localhost].[/] - Initializing Spring DispatcherServlet 'dispatcherServlet'
2025-09-26 00:42:56 INFO  o.s.b.w.e.tomcat.GracefulShutdown - Commencing graceful shutdown. Waiting for active requests to complete
2025-09-26 00:42:57 INFO  o.s.b.w.e.tomcat.GracefulShutdown - Graceful shutdown complete
2025-09-26 00:42:57 INFO  o.s.o.j.LocalContainerEntityManagerFactoryBean - Closing JPA EntityManagerFactory for persistence unit 'default'
2025-09-26 00:42:57 INFO  com.zaxxer.hikari.HikariDataSource - HikariPool-1 - Shutdown initiated...
2025-09-26 00:42:57 INFO  com.zaxxer.hikari.HikariDataSource - HikariPool-1 - Shutdown completed.
2025-09-26 00:43:02 INFO  k.a.library.LibraryApplication - Starting LibraryApplication using Java 17.0.12 with PID 9884 (/Users/magnus/Desktop/Attractor/Library/target/classes started by magnus in /Users/magnus/Desktop/Attractor/Library)
2025-09-26 00:43:02 INFO  k.a.library.LibraryApplication - No active profile set, falling back to 1 default profile: "default"
2025-09-26 00:43:03 INFO  o.s.d.r.c.RepositoryConfigurationDelegate - Bootstrapping Spring Data JPA repositories in DEFAULT mode.
2025-09-26 00:43:03 INFO  o.s.d.r.c.RepositoryConfigurationDelegate - Finished Spring Data repository scanning in 72 ms. Found 6 JPA repository interfaces.
2025-09-26 00:43:04 INFO  o.s.b.w.e.tomcat.TomcatWebServer - Tomcat initialized with port 8080 (http)
2025-09-26 00:43:04 INFO  o.a.catalina.core.StandardService - Starting service [Tomcat]
2025-09-26 00:43:04 INFO  o.a.catalina.core.StandardEngine - Starting Servlet engine: [Apache Tomcat/10.1.46]
2025-09-26 00:43:04 INFO  o.a.c.c.C.[Tomcat].[localhost].[/] - Initializing Spring embedded WebApplicationContext
2025-09-26 00:43:04 INFO  o.s.b.w.s.c.ServletWebServerApplicationContext - Root WebApplicationContext: initialization completed in 1684 ms
2025-09-26 00:43:04 INFO  com.zaxxer.hikari.HikariDataSource - HikariPool-1 - Starting...
2025-09-26 00:43:04 INFO  com.zaxxer.hikari.pool.HikariPool - HikariPool-1 - Added connection conn1: url=jdbc:h2:./db/Library user=ROOT
2025-09-26 00:43:04 INFO  com.zaxxer.hikari.HikariDataSource - HikariPool-1 - Start completed.
2025-09-26 00:43:04 INFO  liquibase.database - Set default schema name to PUBLIC
2025-09-26 00:43:05 INFO  liquibase.changelog - Reading resource: db/changelog/migrations/001_create_tables.yaml
2025-09-26 00:43:05 INFO  liquibase.changelog - Reading resource: db/changelog/migrations/002_insert_tables.yaml
2025-09-26 00:43:05 INFO  liquibase.changelog - Reading from PUBLIC.DATABASECHANGELOG
2025-09-26 00:43:05 INFO  liquibase.ui - Database is up to date, no changesets to execute
2025-09-26 00:43:05 INFO  liquibase.changelog - Reading from PUBLIC.DATABASECHANGELOG
2025-09-26 00:43:05 INFO  liquibase.util - UPDATE SUMMARY
2025-09-26 00:43:05 INFO  liquibase.util - Run:                          0
2025-09-26 00:43:05 INFO  liquibase.util - Previously run:               2
2025-09-26 00:43:05 INFO  liquibase.util - Filtered out:                 0
2025-09-26 00:43:05 INFO  liquibase.util - -------------------------------
2025-09-26 00:43:05 INFO  liquibase.util - Total change sets:            2
2025-09-26 00:43:05 INFO  liquibase.util - Update summary generated
2025-09-26 00:43:05 INFO  liquibase.command - Command execution complete
2025-09-26 00:43:05 INFO  o.h.jpa.internal.util.LogHelper - HHH000204: Processing PersistenceUnitInfo [name: default]
2025-09-26 00:43:05 INFO  org.hibernate.Version - HHH000412: Hibernate ORM core version 6.6.29.Final
2025-09-26 00:43:05 INFO  o.h.c.i.RegionFactoryInitiator - HHH000026: Second-level cache disabled
2025-09-26 00:43:06 INFO  o.s.o.j.p.SpringPersistenceUnitInfo - No LoadTimeWeaver setup: ignoring JPA class transformer
2025-09-26 00:43:06 INFO  o.hibernate.orm.connections.pooling - HHH10001005: Database info:
	Database JDBC URL [Connecting through datasource 'HikariDataSource (HikariPool-1)']
	Database driver: undefined/unknown
	Database version: 2.3.232
	Autocommit mode: undefined/unknown
	Isolation level: undefined/unknown
	Minimum pool size: undefined/unknown
	Maximum pool size: undefined/unknown
2025-09-26 00:43:07 INFO  o.h.e.t.j.p.i.JtaPlatformInitiator - HHH000489: No JTA platform available (set 'hibernate.transaction.jta.platform' to enable JTA platform integration)
2025-09-26 00:43:07 INFO  o.s.o.j.LocalContainerEntityManagerFactoryBean - Initialized JPA EntityManagerFactory for persistence unit 'default'
2025-09-26 00:43:08 WARN  o.s.b.a.o.j.JpaBaseConfiguration$JpaWebConfiguration - spring.jpa.open-in-view is enabled by default. Therefore, database queries may be performed during view rendering. Explicitly configure spring.jpa.open-in-view to disable this warning
2025-09-26 00:43:08 WARN  o.s.b.a.s.s.UserDetailsServiceAutoConfiguration - 

Using generated security password: 202050b3-b303-4688-bf9d-e8c2ae80105f

This generated password is for development use only. Your security configuration must be updated before running your application in production.

2025-09-26 00:43:08 INFO  o.s.b.a.w.s.WelcomePageHandlerMapping - Adding welcome page template: index
2025-09-26 00:43:08 INFO  o.s.b.w.e.tomcat.TomcatWebServer - Tomcat started on port 8080 (http) with context path '/'
2025-09-26 00:43:08 INFO  k.a.library.LibraryApplication - Started LibraryApplication in 7.555 seconds (process running for 9.332)
2025-09-26 00:43:11 INFO  o.s.b.w.e.tomcat.GracefulShutdown - Commencing graceful shutdown. Waiting for active requests to complete
2025-09-26 00:43:11 INFO  o.s.b.w.e.tomcat.GracefulShutdown - Graceful shutdown complete
2025-09-26 00:43:11 INFO  o.s.o.j.LocalContainerEntityManagerFactoryBean - Closing JPA EntityManagerFactory for persistence unit 'default'
2025-09-26 00:43:11 INFO  com.zaxxer.hikari.HikariDataSource - HikariPool-1 - Shutdown initiated...
2025-09-26 00:43:11 INFO  com.zaxxer.hikari.HikariDataSource - HikariPool-1 - Shutdown completed.
2025-09-26 00:43:31 INFO  k.a.library.LibraryApplication - Starting LibraryApplication using Java 17.0.12 with PID 9902 (/Users/magnus/Desktop/Attractor/Library/target/classes started by magnus in /Users/magnus/Desktop/Attractor/Library)
2025-09-26 00:43:31 INFO  k.a.library.LibraryApplication - No active profile set, falling back to 1 default profile: "default"
2025-09-26 00:43:32 INFO  o.s.d.r.c.RepositoryConfigurationDelegate - Bootstrapping Spring Data JPA repositories in DEFAULT mode.
2025-09-26 00:43:32 INFO  o.s.d.r.c.RepositoryConfigurationDelegate - Finished Spring Data repository scanning in 99 ms. Found 6 JPA repository interfaces.
2025-09-26 00:43:33 INFO  o.s.b.w.e.tomcat.TomcatWebServer - Tomcat initialized with port 8080 (http)
2025-09-26 00:43:33 INFO  o.a.catalina.core.StandardService - Starting service [Tomcat]
2025-09-26 00:43:33 INFO  o.a.catalina.core.StandardEngine - Starting Servlet engine: [Apache Tomcat/10.1.46]
2025-09-26 00:43:33 INFO  o.a.c.c.C.[Tomcat].[localhost].[/] - Initializing Spring embedded WebApplicationContext
2025-09-26 00:43:33 INFO  o.s.b.w.s.c.ServletWebServerApplicationContext - Root WebApplicationContext: initialization completed in 2269 ms
2025-09-26 00:43:33 INFO  com.zaxxer.hikari.HikariDataSource - HikariPool-1 - Starting...
2025-09-26 00:43:34 INFO  com.zaxxer.hikari.pool.HikariPool - HikariPool-1 - Added connection conn1: url=jdbc:h2:./db/Library user=ROOT
2025-09-26 00:43:34 INFO  com.zaxxer.hikari.HikariDataSource - HikariPool-1 - Start completed.
2025-09-26 00:43:34 INFO  liquibase.database - Set default schema name to PUBLIC
2025-09-26 00:43:34 INFO  liquibase.changelog - Reading resource: db/changelog/migrations/001_create_tables.yaml
2025-09-26 00:43:34 INFO  liquibase.changelog - Reading resource: db/changelog/migrations/002_insert_tables.yaml
2025-09-26 00:43:35 INFO  liquibase.changelog - Reading from PUBLIC.DATABASECHANGELOG
2025-09-26 00:43:35 INFO  liquibase.ui - Database is up to date, no changesets to execute
2025-09-26 00:43:35 INFO  liquibase.changelog - Reading from PUBLIC.DATABASECHANGELOG
2025-09-26 00:43:35 INFO  liquibase.util - UPDATE SUMMARY
2025-09-26 00:43:35 INFO  liquibase.util - Run:                          0
2025-09-26 00:43:35 INFO  liquibase.util - Previously run:               2
2025-09-26 00:43:35 INFO  liquibase.util - Filtered out:                 0
2025-09-26 00:43:35 INFO  liquibase.util - -------------------------------
2025-09-26 00:43:35 INFO  liquibase.util - Total change sets:            2
2025-09-26 00:43:35 INFO  liquibase.util - Update summary generated
2025-09-26 00:43:35 INFO  liquibase.command - Command execution complete
2025-09-26 00:43:35 INFO  o.h.jpa.internal.util.LogHelper - HHH000204: Processing PersistenceUnitInfo [name: default]
2025-09-26 00:43:35 INFO  org.hibernate.Version - HHH000412: Hibernate ORM core version 6.6.29.Final
2025-09-26 00:43:35 INFO  o.h.c.i.RegionFactoryInitiator - HHH000026: Second-level cache disabled
2025-09-26 00:43:36 INFO  o.s.o.j.p.SpringPersistenceUnitInfo - No LoadTimeWeaver setup: ignoring JPA class transformer
2025-09-26 00:43:36 INFO  o.hibernate.orm.connections.pooling - HHH10001005: Database info:
	Database JDBC URL [Connecting through datasource 'HikariDataSource (HikariPool-1)']
	Database driver: undefined/unknown
	Database version: 2.3.232
	Autocommit mode: undefined/unknown
	Isolation level: undefined/unknown
	Minimum pool size: undefined/unknown
	Maximum pool size: undefined/unknown
2025-09-26 00:43:38 INFO  o.h.e.t.j.p.i.JtaPlatformInitiator - HHH000489: No JTA platform available (set 'hibernate.transaction.jta.platform' to enable JTA platform integration)
2025-09-26 00:43:38 INFO  o.s.o.j.LocalContainerEntityManagerFactoryBean - Initialized JPA EntityManagerFactory for persistence unit 'default'
2025-09-26 00:43:38 WARN  o.s.b.a.o.j.JpaBaseConfiguration$JpaWebConfiguration - spring.jpa.open-in-view is enabled by default. Therefore, database queries may be performed during view rendering. Explicitly configure spring.jpa.open-in-view to disable this warning
2025-09-26 00:43:38 WARN  o.s.b.a.s.s.UserDetailsServiceAutoConfiguration - 

Using generated security password: 557c0b27-118a-4f84-9719-cafc6c843638

This generated password is for development use only. Your security configuration must be updated before running your application in production.

2025-09-26 00:43:39 INFO  o.s.b.a.w.s.WelcomePageHandlerMapping - Adding welcome page template: index
2025-09-26 00:43:40 INFO  o.s.b.w.e.tomcat.TomcatWebServer - Tomcat started on port 8080 (http) with context path '/'
2025-09-26 00:43:40 INFO  k.a.library.LibraryApplication - Started LibraryApplication in 10.04 seconds (process running for 12.716)
2025-09-26 00:43:48 INFO  o.a.c.c.C.[Tomcat].[localhost].[/] - Initializing Spring DispatcherServlet 'dispatcherServlet'
2025-09-26 00:59:07 INFO  o.s.b.w.e.tomcat.GracefulShutdown - Commencing graceful shutdown. Waiting for active requests to complete
2025-09-26 00:59:07 INFO  o.s.b.w.e.tomcat.GracefulShutdown - Graceful shutdown complete
2025-09-26 00:59:07 INFO  o.s.o.j.LocalContainerEntityManagerFactoryBean - Closing JPA EntityManagerFactory for persistence unit 'default'
2025-09-26 00:59:07 INFO  com.zaxxer.hikari.HikariDataSource - HikariPool-1 - Shutdown initiated...
2025-09-26 00:59:07 INFO  com.zaxxer.hikari.HikariDataSource - HikariPool-1 - Shutdown completed.
2025-09-26 00:59:14 INFO  k.a.library.LibraryApplication - Starting LibraryApplication using Java 17.0.12 with PID 10158 (/Users/magnus/Desktop/Attractor/Library/target/classes started by magnus in /Users/magnus/Desktop/Attractor/Library)
2025-09-26 00:59:14 INFO  k.a.library.LibraryApplication - No active profile set, falling back to 1 default profile: "default"
2025-09-26 00:59:15 INFO  o.s.d.r.c.RepositoryConfigurationDelegate - Bootstrapping Spring Data JPA repositories in DEFAULT mode.
2025-09-26 00:59:15 INFO  o.s.d.r.c.RepositoryConfigurationDelegate - Finished Spring Data repository scanning in 93 ms. Found 6 JPA repository interfaces.
2025-09-26 00:59:16 INFO  o.s.b.w.e.tomcat.TomcatWebServer - Tomcat initialized with port 8080 (http)
2025-09-26 00:59:16 INFO  o.a.catalina.core.StandardService - Starting service [Tomcat]
2025-09-26 00:59:16 INFO  o.a.catalina.core.StandardEngine - Starting Servlet engine: [Apache Tomcat/10.1.46]
2025-09-26 00:59:16 INFO  o.a.c.c.C.[Tomcat].[localhost].[/] - Initializing Spring embedded WebApplicationContext
2025-09-26 00:59:16 INFO  o.s.b.w.s.c.ServletWebServerApplicationContext - Root WebApplicationContext: initialization completed in 2221 ms
2025-09-26 00:59:16 INFO  com.zaxxer.hikari.HikariDataSource - HikariPool-1 - Starting...
2025-09-26 00:59:17 INFO  com.zaxxer.hikari.pool.HikariPool - HikariPool-1 - Added connection conn1: url=jdbc:h2:./db/Library user=ROOT
2025-09-26 00:59:17 INFO  com.zaxxer.hikari.HikariDataSource - HikariPool-1 - Start completed.
2025-09-26 00:59:17 INFO  liquibase.database - Set default schema name to PUBLIC
2025-09-26 00:59:17 INFO  liquibase.changelog - Reading resource: db/changelog/migrations/001_create_tables.yaml
2025-09-26 00:59:17 INFO  liquibase.changelog - Reading resource: db/changelog/migrations/002_insert_tables.yaml
2025-09-26 00:59:18 INFO  liquibase.changelog - Reading from PUBLIC.DATABASECHANGELOG
2025-09-26 00:59:18 INFO  liquibase.ui - Database is up to date, no changesets to execute
2025-09-26 00:59:18 INFO  liquibase.changelog - Reading from PUBLIC.DATABASECHANGELOG
2025-09-26 00:59:18 INFO  liquibase.util - UPDATE SUMMARY
2025-09-26 00:59:18 INFO  liquibase.util - Run:                          0
2025-09-26 00:59:18 INFO  liquibase.util - Previously run:               2
2025-09-26 00:59:18 INFO  liquibase.util - Filtered out:                 0
2025-09-26 00:59:18 INFO  liquibase.util - -------------------------------
2025-09-26 00:59:18 INFO  liquibase.util - Total change sets:            2
2025-09-26 00:59:18 INFO  liquibase.util - Update summary generated
2025-09-26 00:59:18 INFO  liquibase.command - Command execution complete
2025-09-26 00:59:18 INFO  o.h.jpa.internal.util.LogHelper - HHH000204: Processing PersistenceUnitInfo [name: default]
2025-09-26 00:59:18 INFO  org.hibernate.Version - HHH000412: Hibernate ORM core version 6.6.29.Final
2025-09-26 00:59:18 INFO  o.h.c.i.RegionFactoryInitiator - HHH000026: Second-level cache disabled
2025-09-26 00:59:19 INFO  o.s.o.j.p.SpringPersistenceUnitInfo - No LoadTimeWeaver setup: ignoring JPA class transformer
2025-09-26 00:59:19 INFO  o.hibernate.orm.connections.pooling - HHH10001005: Database info:
	Database JDBC URL [Connecting through datasource 'HikariDataSource (HikariPool-1)']
	Database driver: undefined/unknown
	Database version: 2.3.232
	Autocommit mode: undefined/unknown
	Isolation level: undefined/unknown
	Minimum pool size: undefined/unknown
	Maximum pool size: undefined/unknown
2025-09-26 00:59:20 INFO  o.h.e.t.j.p.i.JtaPlatformInitiator - HHH000489: No JTA platform available (set 'hibernate.transaction.jta.platform' to enable JTA platform integration)
2025-09-26 00:59:20 INFO  o.s.o.j.LocalContainerEntityManagerFactoryBean - Initialized JPA EntityManagerFactory for persistence unit 'default'
2025-09-26 00:59:21 WARN  o.s.b.a.o.j.JpaBaseConfiguration$JpaWebConfiguration - spring.jpa.open-in-view is enabled by default. Therefore, database queries may be performed during view rendering. Explicitly configure spring.jpa.open-in-view to disable this warning
2025-09-26 00:59:21 WARN  o.s.b.a.s.s.UserDetailsServiceAutoConfiguration - 

Using generated security password: 5e234a70-aa78-4c37-a787-9a0dabb21cf6

This generated password is for development use only. Your security configuration must be updated before running your application in production.

2025-09-26 00:59:22 INFO  o.s.b.a.w.s.WelcomePageHandlerMapping - Adding welcome page template: index
2025-09-26 00:59:23 INFO  o.s.b.w.e.tomcat.TomcatWebServer - Tomcat started on port 8080 (http) with context path '/'
2025-09-26 00:59:23 INFO  k.a.library.LibraryApplication - Started LibraryApplication in 10.003 seconds (process running for 12.804)
2025-09-26 00:59:32 INFO  o.a.c.c.C.[Tomcat].[localhost].[/] - Initializing Spring DispatcherServlet 'dispatcherServlet'
2025-09-26 01:00:16 INFO  o.s.b.w.e.tomcat.GracefulShutdown - Commencing graceful shutdown. Waiting for active requests to complete
2025-09-26 01:00:16 INFO  o.s.b.w.e.tomcat.GracefulShutdown - Graceful shutdown complete
2025-09-26 01:00:16 INFO  o.s.o.j.LocalContainerEntityManagerFactoryBean - Closing JPA EntityManagerFactory for persistence unit 'default'
2025-09-26 01:00:16 INFO  com.zaxxer.hikari.HikariDataSource - HikariPool-1 - Shutdown initiated...
2025-09-26 01:00:16 INFO  com.zaxxer.hikari.HikariDataSource - HikariPool-1 - Shutdown completed.
2025-09-26 01:00:23 INFO  k.a.library.LibraryApplication - Starting LibraryApplication using Java 17.0.12 with PID 10195 (/Users/magnus/Desktop/Attractor/Library/target/classes started by magnus in /Users/magnus/Desktop/Attractor/Library)
2025-09-26 01:00:23 INFO  k.a.library.LibraryApplication - No active profile set, falling back to 1 default profile: "default"
2025-09-26 01:00:24 INFO  o.s.d.r.c.RepositoryConfigurationDelegate - Bootstrapping Spring Data JPA repositories in DEFAULT mode.
2025-09-26 01:00:24 INFO  o.s.d.r.c.RepositoryConfigurationDelegate - Finished Spring Data repository scanning in 132 ms. Found 6 JPA repository interfaces.
2025-09-26 01:00:25 INFO  o.s.b.w.e.tomcat.TomcatWebServer - Tomcat initialized with port 8080 (http)
2025-09-26 01:00:25 INFO  o.a.catalina.core.StandardService - Starting service [Tomcat]
2025-09-26 01:00:25 INFO  o.a.catalina.core.StandardEngine - Starting Servlet engine: [Apache Tomcat/10.1.46]
2025-09-26 01:00:25 INFO  o.a.c.c.C.[Tomcat].[localhost].[/] - Initializing Spring embedded WebApplicationContext
2025-09-26 01:00:25 INFO  o.s.b.w.s.c.ServletWebServerApplicationContext - Root WebApplicationContext: initialization completed in 2626 ms
2025-09-26 01:00:26 INFO  com.zaxxer.hikari.HikariDataSource - HikariPool-1 - Starting...
2025-09-26 01:00:26 INFO  com.zaxxer.hikari.pool.HikariPool - HikariPool-1 - Added connection conn1: url=jdbc:h2:./db/Library user=ROOT
2025-09-26 01:00:26 INFO  com.zaxxer.hikari.HikariDataSource - HikariPool-1 - Start completed.
2025-09-26 01:00:26 INFO  liquibase.database - Set default schema name to PUBLIC
2025-09-26 01:00:27 INFO  liquibase.changelog - Reading resource: db/changelog/migrations/001_create_tables.yaml
2025-09-26 01:00:27 INFO  liquibase.changelog - Reading resource: db/changelog/migrations/002_insert_tables.yaml
2025-09-26 01:00:27 INFO  liquibase.changelog - Reading from PUBLIC.DATABASECHANGELOG
2025-09-26 01:00:28 INFO  liquibase.ui - Database is up to date, no changesets to execute
2025-09-26 01:00:28 INFO  liquibase.changelog - Reading from PUBLIC.DATABASECHANGELOG
2025-09-26 01:00:28 INFO  liquibase.util - UPDATE SUMMARY
2025-09-26 01:00:28 INFO  liquibase.util - Run:                          0
2025-09-26 01:00:28 INFO  liquibase.util - Previously run:               2
2025-09-26 01:00:28 INFO  liquibase.util - Filtered out:                 0
2025-09-26 01:00:28 INFO  liquibase.util - -------------------------------
2025-09-26 01:00:28 INFO  liquibase.util - Total change sets:            2
2025-09-26 01:00:28 INFO  liquibase.util - Update summary generated
2025-09-26 01:00:28 INFO  liquibase.command - Command execution complete
2025-09-26 01:00:28 INFO  o.h.jpa.internal.util.LogHelper - HHH000204: Processing PersistenceUnitInfo [name: default]
2025-09-26 01:00:28 INFO  org.hibernate.Version - HHH000412: Hibernate ORM core version 6.6.29.Final
2025-09-26 01:00:28 INFO  o.h.c.i.RegionFactoryInitiator - HHH000026: Second-level cache disabled
2025-09-26 01:00:29 INFO  o.s.o.j.p.SpringPersistenceUnitInfo - No LoadTimeWeaver setup: ignoring JPA class transformer
2025-09-26 01:00:29 INFO  o.hibernate.orm.connections.pooling - HHH10001005: Database info:
	Database JDBC URL [Connecting through datasource 'HikariDataSource (HikariPool-1)']
	Database driver: undefined/unknown
	Database version: 2.3.232
	Autocommit mode: undefined/unknown
	Isolation level: undefined/unknown
	Minimum pool size: undefined/unknown
	Maximum pool size: undefined/unknown
2025-09-26 01:00:31 INFO  o.h.e.t.j.p.i.JtaPlatformInitiator - HHH000489: No JTA platform available (set 'hibernate.transaction.jta.platform' to enable JTA platform integration)
2025-09-26 01:00:31 INFO  o.s.o.j.LocalContainerEntityManagerFactoryBean - Initialized JPA EntityManagerFactory for persistence unit 'default'
2025-09-26 01:00:31 WARN  o.s.b.a.o.j.JpaBaseConfiguration$JpaWebConfiguration - spring.jpa.open-in-view is enabled by default. Therefore, database queries may be performed during view rendering. Explicitly configure spring.jpa.open-in-view to disable this warning
2025-09-26 01:00:31 WARN  o.s.b.a.s.s.UserDetailsServiceAutoConfiguration - 

Using generated security password: b6eb8cdc-3971-4841-b9e0-1bfca8b1f542

This generated password is for development use only. Your security configuration must be updated before running your application in production.

2025-09-26 01:00:32 INFO  o.s.b.a.w.s.WelcomePageHandlerMapping - Adding welcome page template: index
2025-09-26 01:00:33 INFO  o.s.b.w.e.tomcat.TomcatWebServer - Tomcat started on port 8080 (http) with context path '/'
2025-09-26 01:00:33 INFO  k.a.library.LibraryApplication - Started LibraryApplication in 11.579 seconds (process running for 14.664)
2025-09-26 01:00:37 INFO  o.a.c.c.C.[Tomcat].[localhost].[/] - Initializing Spring DispatcherServlet 'dispatcherServlet'
2025-09-26 01:01:44 INFO  o.s.b.w.e.tomcat.GracefulShutdown - Commencing graceful shutdown. Waiting for active requests to complete
2025-09-26 01:01:44 INFO  o.s.b.w.e.tomcat.GracefulShutdown - Graceful shutdown complete
2025-09-26 01:01:44 INFO  o.s.o.j.LocalContainerEntityManagerFactoryBean - Closing JPA EntityManagerFactory for persistence unit 'default'
2025-09-26 01:01:44 INFO  com.zaxxer.hikari.HikariDataSource - HikariPool-1 - Shutdown initiated...
2025-09-26 01:01:44 INFO  com.zaxxer.hikari.HikariDataSource - HikariPool-1 - Shutdown completed.
2025-09-26 01:01:51 INFO  k.a.library.LibraryApplication - Starting LibraryApplication using Java 17.0.12 with PID 10231 (/Users/magnus/Desktop/Attractor/Library/target/classes started by magnus in /Users/magnus/Desktop/Attractor/Library)
2025-09-26 01:01:51 INFO  k.a.library.LibraryApplication - No active profile set, falling back to 1 default profile: "default"
2025-09-26 01:01:52 INFO  o.s.d.r.c.RepositoryConfigurationDelegate - Bootstrapping Spring Data JPA repositories in DEFAULT mode.
2025-09-26 01:01:52 INFO  o.s.d.r.c.RepositoryConfigurationDelegate - Finished Spring Data repository scanning in 98 ms. Found 6 JPA repository interfaces.
2025-09-26 01:01:53 INFO  o.s.b.w.e.tomcat.TomcatWebServer - Tomcat initialized with port 8080 (http)
2025-09-26 01:01:53 INFO  o.a.catalina.core.StandardService - Starting service [Tomcat]
2025-09-26 01:01:53 INFO  o.a.catalina.core.StandardEngine - Starting Servlet engine: [Apache Tomcat/10.1.46]
2025-09-26 01:01:54 INFO  o.a.c.c.C.[Tomcat].[localhost].[/] - Initializing Spring embedded WebApplicationContext
2025-09-26 01:01:54 INFO  o.s.b.w.s.c.ServletWebServerApplicationContext - Root WebApplicationContext: initialization completed in 2367 ms
2025-09-26 01:01:54 INFO  com.zaxxer.hikari.HikariDataSource - HikariPool-1 - Starting...
2025-09-26 01:01:54 INFO  com.zaxxer.hikari.pool.HikariPool - HikariPool-1 - Added connection conn1: url=jdbc:h2:./db/Library user=ROOT
2025-09-26 01:01:54 INFO  com.zaxxer.hikari.HikariDataSource - HikariPool-1 - Start completed.
2025-09-26 01:01:54 INFO  liquibase.database - Set default schema name to PUBLIC
2025-09-26 01:01:55 INFO  liquibase.changelog - Reading resource: db/changelog/migrations/001_create_tables.yaml
2025-09-26 01:01:55 INFO  liquibase.changelog - Reading resource: db/changelog/migrations/002_insert_tables.yaml
2025-09-26 01:01:55 INFO  liquibase.changelog - Reading from PUBLIC.DATABASECHANGELOG
2025-09-26 01:01:55 INFO  liquibase.ui - Database is up to date, no changesets to execute
2025-09-26 01:01:55 INFO  liquibase.changelog - Reading from PUBLIC.DATABASECHANGELOG
2025-09-26 01:01:55 INFO  liquibase.util - UPDATE SUMMARY
2025-09-26 01:01:55 INFO  liquibase.util - Run:                          0
2025-09-26 01:01:55 INFO  liquibase.util - Previously run:               2
2025-09-26 01:01:55 INFO  liquibase.util - Filtered out:                 0
2025-09-26 01:01:55 INFO  liquibase.util - -------------------------------
2025-09-26 01:01:55 INFO  liquibase.util - Total change sets:            2
2025-09-26 01:01:55 INFO  liquibase.util - Update summary generated
2025-09-26 01:01:55 INFO  liquibase.command - Command execution complete
2025-09-26 01:01:56 INFO  o.h.jpa.internal.util.LogHelper - HHH000204: Processing PersistenceUnitInfo [name: default]
2025-09-26 01:01:56 INFO  org.hibernate.Version - HHH000412: Hibernate ORM core version 6.6.29.Final
2025-09-26 01:01:56 INFO  o.h.c.i.RegionFactoryInitiator - HHH000026: Second-level cache disabled
2025-09-26 01:01:56 INFO  o.s.o.j.p.SpringPersistenceUnitInfo - No LoadTimeWeaver setup: ignoring JPA class transformer
2025-09-26 01:01:56 INFO  o.hibernate.orm.connections.pooling - HHH10001005: Database info:
	Database JDBC URL [Connecting through datasource 'HikariDataSource (HikariPool-1)']
	Database driver: undefined/unknown
	Database version: 2.3.232
	Autocommit mode: undefined/unknown
	Isolation level: undefined/unknown
	Minimum pool size: undefined/unknown
	Maximum pool size: undefined/unknown
2025-09-26 01:01:58 INFO  o.h.e.t.j.p.i.JtaPlatformInitiator - HHH000489: No JTA platform available (set 'hibernate.transaction.jta.platform' to enable JTA platform integration)
2025-09-26 01:01:58 INFO  o.s.o.j.LocalContainerEntityManagerFactoryBean - Initialized JPA EntityManagerFactory for persistence unit 'default'
2025-09-26 01:01:59 WARN  o.s.b.a.o.j.JpaBaseConfiguration$JpaWebConfiguration - spring.jpa.open-in-view is enabled by default. Therefore, database queries may be performed during view rendering. Explicitly configure spring.jpa.open-in-view to disable this warning
2025-09-26 01:01:59 WARN  o.s.b.a.s.s.UserDetailsServiceAutoConfiguration - 

Using generated security password: 17f0f685-4426-4fa2-afcd-44c1051dc085

This generated password is for development use only. Your security configuration must be updated before running your application in production.

2025-09-26 01:01:59 INFO  o.s.b.a.w.s.WelcomePageHandlerMapping - Adding welcome page template: index
2025-09-26 01:02:00 INFO  o.s.b.w.e.tomcat.TomcatWebServer - Tomcat started on port 8080 (http) with context path '/'
2025-09-26 01:02:00 INFO  k.a.library.LibraryApplication - Started LibraryApplication in 9.877 seconds (process running for 13.202)
2025-09-26 01:02:25 INFO  o.a.c.c.C.[Tomcat].[localhost].[/] - Initializing Spring DispatcherServlet 'dispatcherServlet'
2025-09-26 01:03:56 INFO  o.s.b.w.e.tomcat.GracefulShutdown - Commencing graceful shutdown. Waiting for active requests to complete
2025-09-26 01:03:56 INFO  o.s.b.w.e.tomcat.GracefulShutdown - Graceful shutdown complete
2025-09-26 01:03:56 INFO  o.s.o.j.LocalContainerEntityManagerFactoryBean - Closing JPA EntityManagerFactory for persistence unit 'default'
2025-09-26 01:03:56 INFO  com.zaxxer.hikari.HikariDataSource - HikariPool-1 - Shutdown initiated...
2025-09-26 01:03:56 INFO  com.zaxxer.hikari.HikariDataSource - HikariPool-1 - Shutdown completed.
2025-09-26 01:04:05 INFO  k.a.library.LibraryApplication - Starting LibraryApplication using Java 17.0.12 with PID 10280 (/Users/magnus/Desktop/Attractor/Library/target/classes started by magnus in /Users/magnus/Desktop/Attractor/Library)
2025-09-26 01:04:05 INFO  k.a.library.LibraryApplication - No active profile set, falling back to 1 default profile: "default"
2025-09-26 01:04:06 INFO  o.s.d.r.c.RepositoryConfigurationDelegate - Bootstrapping Spring Data JPA repositories in DEFAULT mode.
2025-09-26 01:04:06 INFO  o.s.d.r.c.RepositoryConfigurationDelegate - Finished Spring Data repository scanning in 96 ms. Found 6 JPA repository interfaces.
2025-09-26 01:04:07 INFO  o.s.b.w.e.tomcat.TomcatWebServer - Tomcat initialized with port 8080 (http)
2025-09-26 01:04:07 INFO  o.a.catalina.core.StandardService - Starting service [Tomcat]
2025-09-26 01:04:07 INFO  o.a.catalina.core.StandardEngine - Starting Servlet engine: [Apache Tomcat/10.1.46]
2025-09-26 01:04:07 INFO  o.a.c.c.C.[Tomcat].[localhost].[/] - Initializing Spring embedded WebApplicationContext
2025-09-26 01:04:07 INFO  o.s.b.w.s.c.ServletWebServerApplicationContext - Root WebApplicationContext: initialization completed in 2240 ms
2025-09-26 01:04:07 INFO  com.zaxxer.hikari.HikariDataSource - HikariPool-1 - Starting...
2025-09-26 01:04:08 INFO  com.zaxxer.hikari.pool.HikariPool - HikariPool-1 - Added connection conn1: url=jdbc:h2:./db/Library user=ROOT
2025-09-26 01:04:08 INFO  com.zaxxer.hikari.HikariDataSource - HikariPool-1 - Start completed.
2025-09-26 01:04:08 INFO  liquibase.database - Set default schema name to PUBLIC
2025-09-26 01:04:09 INFO  liquibase.changelog - Reading resource: db/changelog/migrations/001_create_tables.yaml
2025-09-26 01:04:09 INFO  liquibase.changelog - Reading resource: db/changelog/migrations/002_insert_tables.yaml
2025-09-26 01:04:09 INFO  liquibase.changelog - Reading from PUBLIC.DATABASECHANGELOG
2025-09-26 01:04:09 INFO  liquibase.ui - Database is up to date, no changesets to execute
2025-09-26 01:04:09 INFO  liquibase.changelog - Reading from PUBLIC.DATABASECHANGELOG
2025-09-26 01:04:09 INFO  liquibase.util - UPDATE SUMMARY
2025-09-26 01:04:09 INFO  liquibase.util - Run:                          0
2025-09-26 01:04:09 INFO  liquibase.util - Previously run:               2
2025-09-26 01:04:09 INFO  liquibase.util - Filtered out:                 0
2025-09-26 01:04:09 INFO  liquibase.util - -------------------------------
2025-09-26 01:04:09 INFO  liquibase.util - Total change sets:            2
2025-09-26 01:04:09 INFO  liquibase.util - Update summary generated
2025-09-26 01:04:09 INFO  liquibase.command - Command execution complete
2025-09-26 01:04:09 INFO  o.h.jpa.internal.util.LogHelper - HHH000204: Processing PersistenceUnitInfo [name: default]
2025-09-26 01:04:10 INFO  org.hibernate.Version - HHH000412: Hibernate ORM core version 6.6.29.Final
2025-09-26 01:04:10 INFO  o.h.c.i.RegionFactoryInitiator - HHH000026: Second-level cache disabled
2025-09-26 01:04:10 INFO  o.s.o.j.p.SpringPersistenceUnitInfo - No LoadTimeWeaver setup: ignoring JPA class transformer
2025-09-26 01:04:10 INFO  o.hibernate.orm.connections.pooling - HHH10001005: Database info:
	Database JDBC URL [Connecting through datasource 'HikariDataSource (HikariPool-1)']
	Database driver: undefined/unknown
	Database version: 2.3.232
	Autocommit mode: undefined/unknown
	Isolation level: undefined/unknown
	Minimum pool size: undefined/unknown
	Maximum pool size: undefined/unknown
2025-09-26 01:04:12 INFO  o.h.e.t.j.p.i.JtaPlatformInitiator - HHH000489: No JTA platform available (set 'hibernate.transaction.jta.platform' to enable JTA platform integration)
2025-09-26 01:04:12 INFO  o.s.o.j.LocalContainerEntityManagerFactoryBean - Initialized JPA EntityManagerFactory for persistence unit 'default'
2025-09-26 01:04:13 WARN  o.s.b.a.o.j.JpaBaseConfiguration$JpaWebConfiguration - spring.jpa.open-in-view is enabled by default. Therefore, database queries may be performed during view rendering. Explicitly configure spring.jpa.open-in-view to disable this warning
2025-09-26 01:04:13 WARN  o.s.b.a.s.s.UserDetailsServiceAutoConfiguration - 

Using generated security password: 29e3ec8a-2efd-4cf7-9423-5a5c15f14572

This generated password is for development use only. Your security configuration must be updated before running your application in production.

2025-09-26 01:04:13 INFO  o.s.b.a.w.s.WelcomePageHandlerMapping - Adding welcome page template: index
2025-09-26 01:04:15 INFO  o.s.b.w.e.tomcat.TomcatWebServer - Tomcat started on port 8080 (http) with context path '/'
2025-09-26 01:04:15 INFO  k.a.library.LibraryApplication - Started LibraryApplication in 11.822 seconds (process running for 16.061)
2025-09-26 01:04:18 INFO  o.a.c.c.C.[Tomcat].[localhost].[/] - Initializing Spring DispatcherServlet 'dispatcherServlet'
2025-09-26 01:06:12 INFO  o.s.b.w.e.tomcat.GracefulShutdown - Commencing graceful shutdown. Waiting for active requests to complete
2025-09-26 01:06:12 INFO  o.s.b.w.e.tomcat.GracefulShutdown - Graceful shutdown complete
2025-09-26 01:06:12 INFO  o.s.o.j.LocalContainerEntityManagerFactoryBean - Closing JPA EntityManagerFactory for persistence unit 'default'
2025-09-26 01:06:13 INFO  com.zaxxer.hikari.HikariDataSource - HikariPool-1 - Shutdown initiated...
2025-09-26 01:06:13 INFO  com.zaxxer.hikari.HikariDataSource - HikariPool-1 - Shutdown completed.
2025-09-26 01:06:20 INFO  k.a.library.LibraryApplication - Starting LibraryApplication using Java 17.0.12 with PID 10334 (/Users/magnus/Desktop/Attractor/Library/target/classes started by magnus in /Users/magnus/Desktop/Attractor/Library)
2025-09-26 01:06:20 INFO  k.a.library.LibraryApplication - No active profile set, falling back to 1 default profile: "default"
2025-09-26 01:06:22 INFO  o.s.d.r.c.RepositoryConfigurationDelegate - Bootstrapping Spring Data JPA repositories in DEFAULT mode.
2025-09-26 01:06:22 INFO  o.s.d.r.c.RepositoryConfigurationDelegate - Finished Spring Data repository scanning in 92 ms. Found 6 JPA repository interfaces.
2025-09-26 01:06:23 INFO  o.s.b.w.e.tomcat.TomcatWebServer - Tomcat initialized with port 8080 (http)
2025-09-26 01:06:23 INFO  o.a.catalina.core.StandardService - Starting service [Tomcat]
2025-09-26 01:06:23 INFO  o.a.catalina.core.StandardEngine - Starting Servlet engine: [Apache Tomcat/10.1.46]
2025-09-26 01:06:23 INFO  o.a.c.c.C.[Tomcat].[localhost].[/] - Initializing Spring embedded WebApplicationContext
2025-09-26 01:06:23 INFO  o.s.b.w.s.c.ServletWebServerApplicationContext - Root WebApplicationContext: initialization completed in 2421 ms
2025-09-26 01:06:23 INFO  com.zaxxer.hikari.HikariDataSource - HikariPool-1 - Starting...
2025-09-26 01:06:24 INFO  com.zaxxer.hikari.pool.HikariPool - HikariPool-1 - Added connection conn1: url=jdbc:h2:./db/Library user=ROOT
2025-09-26 01:06:24 INFO  com.zaxxer.hikari.HikariDataSource - HikariPool-1 - Start completed.
2025-09-26 01:06:24 INFO  liquibase.database - Set default schema name to PUBLIC
2025-09-26 01:06:24 INFO  liquibase.changelog - Reading resource: db/changelog/migrations/001_create_tables.yaml
2025-09-26 01:06:24 INFO  liquibase.changelog - Reading resource: db/changelog/migrations/002_insert_tables.yaml
2025-09-26 01:06:24 INFO  liquibase.changelog - Reading from PUBLIC.DATABASECHANGELOG
2025-09-26 01:06:25 INFO  liquibase.ui - Database is up to date, no changesets to execute
2025-09-26 01:06:25 INFO  liquibase.changelog - Reading from PUBLIC.DATABASECHANGELOG
2025-09-26 01:06:25 INFO  liquibase.util - UPDATE SUMMARY
2025-09-26 01:06:25 INFO  liquibase.util - Run:                          0
2025-09-26 01:06:25 INFO  liquibase.util - Previously run:               2
2025-09-26 01:06:25 INFO  liquibase.util - Filtered out:                 0
2025-09-26 01:06:25 INFO  liquibase.util - -------------------------------
2025-09-26 01:06:25 INFO  liquibase.util - Total change sets:            2
2025-09-26 01:06:25 INFO  liquibase.util - Update summary generated
2025-09-26 01:06:25 INFO  liquibase.command - Command execution complete
2025-09-26 01:06:25 INFO  o.h.jpa.internal.util.LogHelper - HHH000204: Processing PersistenceUnitInfo [name: default]
2025-09-26 01:06:25 INFO  org.hibernate.Version - HHH000412: Hibernate ORM core version 6.6.29.Final
2025-09-26 01:06:25 INFO  o.h.c.i.RegionFactoryInitiator - HHH000026: Second-level cache disabled
2025-09-26 01:06:25 INFO  o.s.o.j.p.SpringPersistenceUnitInfo - No LoadTimeWeaver setup: ignoring JPA class transformer
2025-09-26 01:06:26 INFO  o.hibernate.orm.connections.pooling - HHH10001005: Database info:
	Database JDBC URL [Connecting through datasource 'HikariDataSource (HikariPool-1)']
	Database driver: undefined/unknown
	Database version: 2.3.232
	Autocommit mode: undefined/unknown
	Isolation level: undefined/unknown
	Minimum pool size: undefined/unknown
	Maximum pool size: undefined/unknown
2025-09-26 01:06:27 INFO  o.h.e.t.j.p.i.JtaPlatformInitiator - HHH000489: No JTA platform available (set 'hibernate.transaction.jta.platform' to enable JTA platform integration)
2025-09-26 01:06:27 INFO  o.s.o.j.LocalContainerEntityManagerFactoryBean - Initialized JPA EntityManagerFactory for persistence unit 'default'
2025-09-26 01:06:28 WARN  o.s.b.a.o.j.JpaBaseConfiguration$JpaWebConfiguration - spring.jpa.open-in-view is enabled by default. Therefore, database queries may be performed during view rendering. Explicitly configure spring.jpa.open-in-view to disable this warning
2025-09-26 01:06:28 WARN  o.s.b.a.s.s.UserDetailsServiceAutoConfiguration - 

Using generated security password: b1903917-a4ed-4e1a-8db7-fd918df1bef9

This generated password is for development use only. Your security configuration must be updated before running your application in production.

2025-09-26 01:06:28 INFO  o.s.b.a.w.s.WelcomePageHandlerMapping - Adding welcome page template: index
2025-09-26 01:06:29 INFO  o.s.b.w.e.tomcat.TomcatWebServer - Tomcat started on port 8080 (http) with context path '/'
2025-09-26 01:06:29 INFO  k.a.library.LibraryApplication - Started LibraryApplication in 9.725 seconds (process running for 13.276)
2025-09-26 01:06:36 INFO  o.a.c.c.C.[Tomcat].[localhost].[/] - Initializing Spring DispatcherServlet 'dispatcherServlet'
2025-09-26 01:07:58 INFO  o.s.b.w.e.tomcat.GracefulShutdown - Commencing graceful shutdown. Waiting for active requests to complete
2025-09-26 01:07:58 INFO  o.s.b.w.e.tomcat.GracefulShutdown - Graceful shutdown complete
2025-09-26 01:07:58 INFO  o.s.o.j.LocalContainerEntityManagerFactoryBean - Closing JPA EntityManagerFactory for persistence unit 'default'
2025-09-26 01:07:58 INFO  com.zaxxer.hikari.HikariDataSource - HikariPool-1 - Shutdown initiated...
2025-09-26 01:07:58 INFO  com.zaxxer.hikari.HikariDataSource - HikariPool-1 - Shutdown completed.
2025-09-26 01:08:05 INFO  k.a.library.LibraryApplication - Starting LibraryApplication using Java 17.0.12 with PID 10382 (/Users/magnus/Desktop/Attractor/Library/target/classes started by magnus in /Users/magnus/Desktop/Attractor/Library)
2025-09-26 01:08:05 INFO  k.a.library.LibraryApplication - No active profile set, falling back to 1 default profile: "default"
2025-09-26 01:08:07 INFO  o.s.d.r.c.RepositoryConfigurationDelegate - Bootstrapping Spring Data JPA repositories in DEFAULT mode.
2025-09-26 01:08:07 INFO  o.s.d.r.c.RepositoryConfigurationDelegate - Finished Spring Data repository scanning in 89 ms. Found 6 JPA repository interfaces.
2025-09-26 01:08:08 INFO  o.s.b.w.e.tomcat.TomcatWebServer - Tomcat initialized with port 8080 (http)
2025-09-26 01:08:08 INFO  o.a.catalina.core.StandardService - Starting service [Tomcat]
2025-09-26 01:08:08 INFO  o.a.catalina.core.StandardEngine - Starting Servlet engine: [Apache Tomcat/10.1.46]
2025-09-26 01:08:08 INFO  o.a.c.c.C.[Tomcat].[localhost].[/] - Initializing Spring embedded WebApplicationContext
2025-09-26 01:08:08 INFO  o.s.b.w.s.c.ServletWebServerApplicationContext - Root WebApplicationContext: initialization completed in 2368 ms
2025-09-26 01:08:08 INFO  com.zaxxer.hikari.HikariDataSource - HikariPool-1 - Starting...
2025-09-26 01:08:09 INFO  com.zaxxer.hikari.pool.HikariPool - HikariPool-1 - Added connection conn1: url=jdbc:h2:./db/Library user=ROOT
2025-09-26 01:08:09 INFO  com.zaxxer.hikari.HikariDataSource - HikariPool-1 - Start completed.
2025-09-26 01:08:09 INFO  liquibase.database - Set default schema name to PUBLIC
2025-09-26 01:08:09 INFO  liquibase.changelog - Reading resource: db/changelog/migrations/001_create_tables.yaml
2025-09-26 01:08:09 INFO  liquibase.changelog - Reading resource: db/changelog/migrations/002_insert_tables.yaml
2025-09-26 01:08:09 INFO  liquibase.changelog - Reading from PUBLIC.DATABASECHANGELOG
2025-09-26 01:08:10 INFO  liquibase.ui - Database is up to date, no changesets to execute
2025-09-26 01:08:10 INFO  liquibase.changelog - Reading from PUBLIC.DATABASECHANGELOG
2025-09-26 01:08:10 INFO  liquibase.util - UPDATE SUMMARY
2025-09-26 01:08:10 INFO  liquibase.util - Run:                          0
2025-09-26 01:08:10 INFO  liquibase.util - Previously run:               2
2025-09-26 01:08:10 INFO  liquibase.util - Filtered out:                 0
2025-09-26 01:08:10 INFO  liquibase.util - -------------------------------
2025-09-26 01:08:10 INFO  liquibase.util - Total change sets:            2
2025-09-26 01:08:10 INFO  liquibase.util - Update summary generated
2025-09-26 01:08:10 INFO  liquibase.command - Command execution complete
2025-09-26 01:08:10 INFO  o.h.jpa.internal.util.LogHelper - HHH000204: Processing PersistenceUnitInfo [name: default]
2025-09-26 01:08:10 INFO  org.hibernate.Version - HHH000412: Hibernate ORM core version 6.6.29.Final
2025-09-26 01:08:10 INFO  o.h.c.i.RegionFactoryInitiator - HHH000026: Second-level cache disabled
2025-09-26 01:08:11 INFO  o.s.o.j.p.SpringPersistenceUnitInfo - No LoadTimeWeaver setup: ignoring JPA class transformer
2025-09-26 01:08:11 INFO  o.hibernate.orm.connections.pooling - HHH10001005: Database info:
	Database JDBC URL [Connecting through datasource 'HikariDataSource (HikariPool-1)']
	Database driver: undefined/unknown
	Database version: 2.3.232
	Autocommit mode: undefined/unknown
	Isolation level: undefined/unknown
	Minimum pool size: undefined/unknown
	Maximum pool size: undefined/unknown
2025-09-26 01:08:13 INFO  o.h.e.t.j.p.i.JtaPlatformInitiator - HHH000489: No JTA platform available (set 'hibernate.transaction.jta.platform' to enable JTA platform integration)
2025-09-26 01:08:13 INFO  o.s.o.j.LocalContainerEntityManagerFactoryBean - Initialized JPA EntityManagerFactory for persistence unit 'default'
2025-09-26 01:08:14 WARN  o.s.b.a.o.j.JpaBaseConfiguration$JpaWebConfiguration - spring.jpa.open-in-view is enabled by default. Therefore, database queries may be performed during view rendering. Explicitly configure spring.jpa.open-in-view to disable this warning
2025-09-26 01:08:14 WARN  o.s.b.a.s.s.UserDetailsServiceAutoConfiguration - 

Using generated security password: 78300715-56b7-4dbb-9971-16c2e5887b84

This generated password is for development use only. Your security configuration must be updated before running your application in production.

2025-09-26 01:08:14 INFO  o.s.b.a.w.s.WelcomePageHandlerMapping - Adding welcome page template: index
2025-09-26 01:08:15 INFO  o.s.b.w.e.tomcat.TomcatWebServer - Tomcat started on port 8080 (http) with context path '/'
2025-09-26 01:08:15 INFO  k.a.library.LibraryApplication - Started LibraryApplication in 10.919 seconds (process running for 13.836)
2025-09-26 01:08:20 INFO  o.a.c.c.C.[Tomcat].[localhost].[/] - Initializing Spring DispatcherServlet 'dispatcherServlet'
